{"/Users/victor.araujo/DevFullCycle/fullcycle-ci-sonarcloud/src/soma.js": {"path":"/Users/victor.araujo/DevFullCycle/fullcycle-ci-sonarcloud/src/soma.js","statementMap":{"0":{"start":{"line":2,"column":2},"end":{"line":2,"column":15}},"1":{"start":{"line":5,"column":0},"end":{"line":5,"column":22}}},"fnMap":{"0":{"name":"soma","decl":{"start":{"line":1,"column":9},"end":{"line":1,"column":13}},"loc":{"start":{"line":1,"column":20},"end":{"line":3,"column":1}},"line":1}},"branchMap":{},"s":{"0":3,"1":1},"f":{"0":3},"b":{},"_coverageSchema":"1a1c01bbd47fc00a2c39e90264f33305004495a9","hash":"eae8de8cec8dc261d67229fe3e04d7da6ad80b52"}
}
